<?xml version="1.0" encoding="UTF-8"?>
<!-- Generated by org.testng.reporters.JUnitReportReporter -->
<testsuite hostname="LAPTOP-TBINTVVH" failures="0" tests="1" name="test.ChangeAccountInfoTest" time="67.627" errors="0" timestamp="2021-10-09T23:56:16 EDT" skipped="0">
  <testcase classname="test.ChangeAccountInfoTest" name="validUserShouldBeAbleToChangeAccountInfo" time="67.627"/>
  <system-out/>
</testsuite> <!-- test.ChangeAccountInfoTest -->
