<?xml version="1.0" encoding="UTF-8"?>
<!-- Generated by org.testng.reporters.JUnitReportReporter -->
<testsuite hostname="LAPTOP-TBINTVVH" failures="0" tests="1" name="util.BrowserFactory" time="6.531" errors="0" timestamp="2021-09-29T16:23:46 EDT" skipped="0">
  <testcase classname="util.BrowserFactory" name="init" time="6.531"/>
  <system-out/>
</testsuite> <!-- util.BrowserFactory -->
