<?xml version="1.0" encoding="UTF-8"?>
<!-- Generated by org.testng.reporters.JUnitReportReporter -->
<testsuite hostname="LAPTOP-TBINTVVH" failures="0" tests="1" name="test.LoginTest" time="12.523" errors="0" timestamp="2021-10-07T17:13:35 EDT" skipped="0">
  <testcase classname="test.LoginTest" name="loginTest" time="12.523"/>
  <system-out/>
</testsuite> <!-- test.LoginTest -->
